<?xml version="1.0" encoding="UTF-8"?>
<!-- Generated by org.testng.reporters.JUnitReportReporter -->
<testsuite hostname="DESKTOP-Q4V0CNC" failures="0" tests="3" name="day42.TestngFirst" time="0.027" errors="0" timestamp="2025-02-08T22:27:01 IST" skipped="0">
  <testcase classname="day42.TestngFirst" name="openapp" time="0.017"/>
  <system-out/>
  <testcase classname="day42.TestngFirst" name="login" time="0.005"/>
  <system-out/>
  <testcase classname="day42.TestngFirst" name="logout" time="0.005"/>
  <system-out/>
</testsuite> <!-- day42.TestngFirst -->
